<!DOCTYPE html PUBLIC "-//W3C//DTD XHTML 1.1//EN" "https://www.w3.org/TR/xhtml11/DTD/xhtml11.dtd">
<html xmlns="https://www.w3.org/1999/xhtml">
<head>
<meta http-equiv="content-type" content="text/html; charset=UTF-8"/>
<title>TestNG Report</title>
<style type="text/css">table {margin-bottom:10px;border-collapse:collapse;empty-cells:show}th,td {border:1px solid #009;padding:.25em .5em}th {vertical-align:bottom}td {vertical-align:top}table a {font-weight:bold}.stripe td {background-color: #E6EBF9}.num {text-align:right}.passedodd td {background-color: #3F3}.passedeven td {background-color: #0A0}.skippedodd td {background-color: #DDD}.skippedeven td {background-color: #CCC}.failedodd td,.attn {background-color: #F33}.failedeven td,.stripe .attn {background-color: #D00}.stacktrace {white-space:pre;font-family:monospace}.totop {font-size:85%;text-align:center;border-bottom:2px solid #000}.invisible {display:none}</style>
</head>
<body>
<table>
<tr><th>Test</th><th># Passed</th><th># Skipped</th><th># Retried</th><th># Failed</th><th>Time (ms)</th><th>Included Groups</th><th>Excluded Groups</th></tr>
<tr><th colspan="8">Default suite</th></tr>
<tr><td><a href="#t0">Default test</a></td><td class="num">0</td><td class="num">0</td><td class="num">0</td><td class="num attn">1</td><td class="num">145,659</td><td></td><td></td></tr>
</table>
<table id='summary'><thead><tr><th>Class</th><th>Method</th><th>Start</th><th>Time (ms)</th></tr></thead><tbody><tr><th colspan="4">Default suite</th></tr></tbody><tbody id="t0"><tr><th colspan="4">Default test &#8212; failed</th></tr><tr class="failedeven"><td rowspan="1">testCases.BaseTest</td><td><a href="#m0">demo</a></td><td rowspan="1">1698640160231</td><td rowspan="1">143864</td></tr></tbody>
</table>
<h2>Default test</h2><h3 id="m0">testCases.BaseTest#demo</h3><table class="result"><tr class="param"><th>Parameter #1</th></tr><tr class="param stripe"><td>{RelationshipFather=Father, MotherInLaw_MiddleName=FrMd, Father_LastName=Shinde, DOBMother=24/06/1981, CustLastName=Shinde, FatherInLaw_FirstName=FatherInLaw, SISelf=1000000, CustEmailID=pratik.qualitykiosk@tataaig.com, Cust_District=Thane, Daughter_Height=100, IsSonIncluded=Yes, Cust_LastName=123, IsDaughterIncluded=Yes, GSTNumber=, PlanType=Individual, Mother_Height=100, Self_AnyMedicalDisclosureFlag=No, Son_LastName=Shinde, LandlineNumber=, SISpouse=1000000, NomineeGender=Male, Cust_MiddleName=, TeleMERDate=, FatherInLaw_Weight=20, Mother_MiddleName=FrMd, Mother_Title=Mrs, Father_Title=Mr, Son_MiddleName=FrMd, NumberOfInsureds=3, Mother_Gender=Female, Varient=Medicare Premier, Father_Weight=20, DOBFatherInLaw=13/11/1988, FatherInLaw_LastName=Shinde, Father_Gender=Male, TeleMERSelectLanguage=English, KYCType=Producer, IsFatherInLawIncluded=No, Daughter_Weight=20, Daughter_LastName=Shinde, Spouse_Weight=20, IsMotherIncluded=Yes, Tenure=2, CustMobileNo=8356809451, ConvertToPropsal=Yes, PANNumber=KKNAK1234R, DOBFather=24/06/1980, Father_AnyMedicalDisclosureFlag=No, RelationshipDaughter=Daughter1, NomineeName=Dinesh Pawar, Cust_Mobile=8356809451, Daughter_MiddleName=FrMd, Cust_Address=07 Wagle Estate, RelationshipMotherInLaw=, IsSpouseIncluded=Yes, Cust_MaritalStatus=Married, Father_FirstName=Father, Father_MiddleName=FrMd, Spouse_Gender=Female, IsSelfNotIncluded=No, RelationshipSon=Son1, DOBSon=13/11/2021, DOBMotherInLaw=13/11/1987, NomineeContribution=100, Cust_IsProposerInsured=Yes, Spouse_Title=Mrs, Cust_Nationality=Indian, Son_Title=Mr, Daughter_Title=Mrs, Father_Height=100, BusinessType=New Business, NomineeDOB=10/10/91, DOBSpouse=13/11/1992, Cust_Title=Pratik, Spouse_LastName=Shinde, Daughter_AnyMedicalDisclosureFlag=No, Cust_FirstName=Shinde, Mother_FirstName=Mother, Self_Weight=20, SIFatherInLaw=1000000, FatherInLaw_AnyMedicalDisclosureFlag=No, FatherInLaw_MiddleName=FrMd, SIDaughter=1000000, FatherInLaw_Height=100, Spouse_Height=100, Cust_Gender=Male, DOBDaughter=13/11/2022, RelationshipFatherInLaw=, Cust_Email=pratik.qualitykiosk@tataaig.com, Daughter_Gender=Female, Mother_Weight=20, TeleMERCallOptions=Call Now, CustTitle=Mr, IsFatherIncluded=Yes, NRIQ1=, RelationshipMother=Mother, NRIQ2=Yes, Self_Height=100, FatherInLaw_Gender=Male, Son_AnyMedicalDisclosureFlag=No, IsMotherInLawIncluded=No, DOBSelf=13/11/1992, Pincode=400605, Cust_DOB=12/10/87, MotherInLaw_Weight=20, Cust_Landmark=Near Ganesh Temple, MotherInLaw_FirstName=MotherInLaw, KYCPAN=JPNPS1562G, Spouse_FirstName=Spouse, Son_FirstName=Son, SIMotherInLaw=1000000, Spouse_AnyMedicalDisclosureFlag=No, MotherInLaw_Title=Mrs, RelationshipSpouse=Spouse, SIMother=1000000, Son_Gender=Male, MotherInLaw_LastName=Shinde, MotherInLaw_AnyMedicalDisclosureFlag=No, PaymentType=Online, Mother_AnyMedicalDisclosureFlag=No, Mother_LastName=Shinde, Son_Weight=20, SISon=1000000, InMemberEmployee=No, MotherInLaw_Gender=Female, Spouse_MiddleName=Pratik, Daughter_FirstName=Daughter, NomineeRelationship=Son, CustFirstName=Pratik, MotherInLaw_Height=100, Cust_Pincode=400001, SIFather=1000000, IsSelfIncluded=Yes, CustMiddleName=, FatherInLaw_Title=Mr, RelationshipSelf=Self, Son_Height=100, AnnualIncome=100000, TeleMERTime=}</td></tr><tr><th>Exception</th></tr><tr><td><div class="stacktrace">org.openqa.selenium.TimeoutException: Expected condition failed: waiting for visibility of Proxy element for: DefaultElementLocator &apos;By.cssSelector: div[class=&apos;col-md-6 col-lg-4 ng-tns-c32-1&apos;]&apos; (tried for 20 second(s) with 500 milliseconds interval)
	at org.openqa.selenium.support.ui.WebDriverWait.timeoutException(WebDriverWait.java:84)
	at org.openqa.selenium.support.ui.FluentWait.until(FluentWait.java:230)
	at pageClasses.PaymentPage.makePayment(PaymentPage.java:44)
	at testCases.BaseTest.demo(BaseTest.java:46)
	at java.base/jdk.internal.reflect.NativeMethodAccessorImpl.invoke0(Native Method)
	at java.base/jdk.internal.reflect.NativeMethodAccessorImpl.invoke(NativeMethodAccessorImpl.java:77)
	at java.base/jdk.internal.reflect.DelegatingMethodAccessorImpl.invoke(DelegatingMethodAccessorImpl.java:43)
	at java.base/java.lang.reflect.Method.invoke(Method.java:568)
	at org.testng.internal.MethodInvocationHelper.invokeMethod(MethodInvocationHelper.java:133)
	at org.testng.internal.TestInvoker.invokeMethod(TestInvoker.java:598)
	at org.testng.internal.TestInvoker.invokeTestMethod(TestInvoker.java:173)
	at org.testng.internal.MethodRunner.runInSequence(MethodRunner.java:46)
	at org.testng.internal.TestInvoker$MethodInvocationAgent.invoke(TestInvoker.java:824)
	at org.testng.internal.TestInvoker.invokeTestMethods(TestInvoker.java:146)
	at org.testng.internal.TestMethodWorker.invokeTestMethods(TestMethodWorker.java:146)
	at org.testng.internal.TestMethodWorker.run(TestMethodWorker.java:128)
	at java.base/java.util.ArrayList.forEach(ArrayList.java:1511)
	at org.testng.TestRunner.privateRun(TestRunner.java:794)
	at org.testng.TestRunner.run(TestRunner.java:596)
	at org.testng.SuiteRunner.runTest(SuiteRunner.java:377)
	at org.testng.SuiteRunner.runSequentially(SuiteRunner.java:371)
	at org.testng.SuiteRunner.privateRun(SuiteRunner.java:332)
	at org.testng.SuiteRunner.run(SuiteRunner.java:276)
	at org.testng.SuiteRunnerWorker.runSuite(SuiteRunnerWorker.java:53)
	at org.testng.SuiteRunnerWorker.run(SuiteRunnerWorker.java:96)
	at org.testng.TestNG.runSuitesSequentially(TestNG.java:1212)
	at org.testng.TestNG.runSuitesLocally(TestNG.java:1134)
	at org.testng.TestNG.runSuites(TestNG.java:1063)
	at org.testng.TestNG.run(TestNG.java:1031)
	at org.testng.remote.AbstractRemoteTestNG.run(AbstractRemoteTestNG.java:115)
	at org.testng.remote.RemoteTestNG.initAndRun(RemoteTestNG.java:251)
	at org.testng.remote.RemoteTestNG.main(RemoteTestNG.java:77)
Caused by: org.openqa.selenium.NoSuchElementException: no such element: Unable to locate element: {&quot;method&quot;:&quot;css selector&quot;,&quot;selector&quot;:&quot;div[class=&apos;col-md-6 col-lg-4 ng-tns-c32-1&apos;]&quot;}
  (Session info: chrome=118.0.5993.118)
For documentation on this error, please visit: https://www.selenium.dev/documentation/webdriver/troubleshooting/errors#no-such-element-exception
Build info: version: &apos;4.12.1&apos;, revision: &apos;8e34639b11&apos;
System info: os.name: &apos;Windows 10&apos;, os.arch: &apos;amd64&apos;, os.version: &apos;10.0&apos;, java.version: &apos;17.0.2&apos;
Driver info: org.openqa.selenium.chrome.ChromeDriver
Command: [0a0b256c5a68208605185e367a96245b, findElement {using=css selector, value=div[class=&apos;col-md-6 col-lg-4 ng-tns-c32-1&apos;]}]
Capabilities {acceptInsecureCerts: false, browserName: chrome, browserVersion: 118.0.5993.118, chrome: {chromedriverVersion: 118.0.5993.70 (e52f33f30b91..., userDataDir: C:\Users\pshinde6\AppData\L...}, fedcm:accounts: true, goog:chromeOptions: {debuggerAddress: localhost:49812}, networkConnectionEnabled: false, pageLoadStrategy: normal, platformName: windows, proxy: Proxy(), se:cdp: ws://localhost:49812/devtoo..., se:cdpVersion: 118.0.5993.118, setWindowRect: true, strictFileInteractability: false, timeouts: {implicit: 0, pageLoad: 300000, script: 30000}, unhandledPromptBehavior: dismiss and notify, webauthn:extension:credBlob: true, webauthn:extension:largeBlob: true, webauthn:extension:minPinLength: true, webauthn:extension:prf: true, webauthn:virtualAuthenticators: true}
Session ID: 0a0b256c5a68208605185e367a96245b
	at jdk.internal.reflect.GeneratedConstructorAccessor25.newInstance(Unknown Source)
	at java.base/jdk.internal.reflect.DelegatingConstructorAccessorImpl.newInstance(DelegatingConstructorAccessorImpl.java:45)
	at java.base/java.lang.reflect.Constructor.newInstanceWithCaller(Constructor.java:499)
	at java.base/java.lang.reflect.Constructor.newInstance(Constructor.java:480)
	at org.openqa.selenium.remote.codec.w3c.W3CHttpResponseCodec.createException(W3CHttpResponseCodec.java:200)
	at org.openqa.selenium.remote.codec.w3c.W3CHttpResponseCodec.decode(W3CHttpResponseCodec.java:133)
	at org.openqa.selenium.remote.codec.w3c.W3CHttpResponseCodec.decode(W3CHttpResponseCodec.java:52)
	at org.openqa.selenium.remote.HttpCommandExecutor.execute(HttpCommandExecutor.java:191)
	at org.openqa.selenium.remote.service.DriverCommandExecutor.invokeExecute(DriverCommandExecutor.java:196)
	at org.openqa.selenium.remote.service.DriverCommandExecutor.execute(DriverCommandExecutor.java:171)
	at org.openqa.selenium.remote.RemoteWebDriver.execute(RemoteWebDriver.java:602)
	at org.openqa.selenium.remote.ElementLocation$ElementFinder$2.findElement(ElementLocation.java:165)
	at org.openqa.selenium.remote.ElementLocation.findElement(ElementLocation.java:59)
	at org.openqa.selenium.remote.RemoteWebDriver.findElement(RemoteWebDriver.java:359)
	at org.openqa.selenium.remote.RemoteWebDriver.findElement(RemoteWebDriver.java:353)
	at org.openqa.selenium.support.pagefactory.DefaultElementLocator.findElement(DefaultElementLocator.java:68)
	at org.openqa.selenium.support.pagefactory.internal.LocatingElementHandler.invoke(LocatingElementHandler.java:38)
	at jdk.proxy2/jdk.proxy2.$Proxy16.isDisplayed(Unknown Source)
	at org.openqa.selenium.support.ui.ExpectedConditions.elementIfVisible(ExpectedConditions.java:304)
	at org.openqa.selenium.support.ui.ExpectedConditions.access$000(ExpectedConditions.java:37)
	at org.openqa.selenium.support.ui.ExpectedConditions$10.apply(ExpectedConditions.java:290)
	at org.openqa.selenium.support.ui.ExpectedConditions$10.apply(ExpectedConditions.java:287)
	at org.openqa.selenium.support.ui.FluentWait.until(FluentWait.java:205)
	... 30 more
</div></td></tr></table><p class="totop"><a href="#summary">back to summary</a></p>
</body>
</html>
